<?xml version="1.0" encoding="UTF-8"?>
<testsuite name="AppTest" tests="7" skipped="0" failures="0" errors="0" timestamp="2016-02-17T00:08:58" hostname="epicodus-67.local" time="0.423">
  <properties/>
  <testcase name="tamagotchi_instantiatesCorrectly" classname="AppTest" time="0.003"/>
  <testcase name="addFoodLevel_addOneToFood_" classname="AppTest" time="0.0"/>
  <testcase name="isAlive_foodLevelAbove0_true" classname="AppTest" time="0.001"/>
  <testcase name="rootTest" classname="AppTest" time="0.286"/>
  <testcase name="makeSureVariablesAreWorking" classname="AppTest" time="0.077"/>
  <testcase name="decreaseLevels_decreaseAllByOne_9" classname="AppTest" time="0.001"/>
  <testcase name="tamagotchiIsCreatedTest" classname="AppTest" time="0.022"/>
  <system-out><![CDATA[]]></system-out>
  <system-err><![CDATA[[Thread-4] INFO spark.webserver.SparkServer - == Spark has ignited ...
[Thread-4] INFO spark.webserver.SparkServer - >> Listening on 0.0.0.0:4567
[Thread-4] INFO org.eclipse.jetty.server.Server - jetty-9.0.2.v20130417
[Thread-4] INFO org.eclipse.jetty.server.ServerConnector - Started ServerConnector@145bd6bc{HTTP/1.1}{0.0.0.0:4567}
[Test worker] INFO spark.webserver.SparkServer - >>> Spark shutting down ...
[Test worker] INFO org.eclipse.jetty.server.Server - Graceful shutdown org.eclipse.jetty.server.Server@4a963b52 by 
[Test worker] INFO org.eclipse.jetty.server.ServerConnector - Stopped ServerConnector@145bd6bc{HTTP/1.1}{0.0.0.0:4567}
[Test worker] INFO spark.webserver.SparkServer - done
]]></system-err>
</testsuite>
